<?xml version="1.0" encoding="UTF-8"?>
<testsuite name="com.configservermicroservice.ConfigServerMicroserviceApplicationTests" tests="1" skipped="0" failures="0" errors="0" timestamp="2021-01-07T14:53:05" hostname="Bornas-MBP-2" time="0.412">
  <properties/>
  <testcase name="contextLoads()" classname="com.configservermicroservice.ConfigServerMicroserviceApplicationTests" time="0.412"/>
  <system-out><![CDATA[15:53:00.305 [Test worker] DEBUG org.springframework.test.context.BootstrapUtils - Instantiating CacheAwareContextLoaderDelegate from class [org.springframework.test.context.cache.DefaultCacheAwareContextLoaderDelegate]
15:53:00.328 [Test worker] DEBUG org.springframework.test.context.BootstrapUtils - Instantiating BootstrapContext using constructor [public org.springframework.test.context.support.DefaultBootstrapContext(java.lang.Class,org.springframework.test.context.CacheAwareContextLoaderDelegate)]
15:53:00.373 [Test worker] DEBUG org.springframework.test.context.BootstrapUtils - Instantiating TestContextBootstrapper for test class [com.configservermicroservice.ConfigServerMicroserviceApplicationTests] from class [org.springframework.boot.test.context.SpringBootTestContextBootstrapper]
15:53:00.388 [Test worker] INFO org.springframework.boot.test.context.SpringBootTestContextBootstrapper - Neither @ContextConfiguration nor @ContextHierarchy found for test class [com.configservermicroservice.ConfigServerMicroserviceApplicationTests], using SpringBootContextLoader
15:53:00.393 [Test worker] DEBUG org.springframework.test.context.support.AbstractContextLoader - Did not detect default resource location for test class [com.configservermicroservice.ConfigServerMicroserviceApplicationTests]: class path resource [com/configservermicroservice/ConfigServerMicroserviceApplicationTests-context.xml] does not exist
15:53:00.394 [Test worker] DEBUG org.springframework.test.context.support.AbstractContextLoader - Did not detect default resource location for test class [com.configservermicroservice.ConfigServerMicroserviceApplicationTests]: class path resource [com/configservermicroservice/ConfigServerMicroserviceApplicationTestsContext.groovy] does not exist
15:53:00.395 [Test worker] INFO org.springframework.test.context.support.AbstractContextLoader - Could not detect default resource locations for test class [com.configservermicroservice.ConfigServerMicroserviceApplicationTests]: no resource found for suffixes {-context.xml, Context.groovy}.
15:53:00.396 [Test worker] INFO org.springframework.test.context.support.AnnotationConfigContextLoaderUtils - Could not detect default configuration classes for test class [com.configservermicroservice.ConfigServerMicroserviceApplicationTests]: ConfigServerMicroserviceApplicationTests does not declare any static, non-private, non-final, nested classes annotated with @Configuration.
15:53:00.464 [Test worker] DEBUG org.springframework.test.context.support.ActiveProfilesUtils - Could not find an 'annotation declaring class' for annotation type [org.springframework.test.context.ActiveProfiles] and class [com.configservermicroservice.ConfigServerMicroserviceApplicationTests]
15:53:00.527 [Test worker] DEBUG org.springframework.context.annotation.ClassPathScanningCandidateComponentProvider - Identified candidate component class: file [/Users/Borna/Documents/EclipseProjects/rasus_ms/config-server-microservice/build/classes/java/main/com/configservermicroservice/ConfigServerMicroserviceApplication.class]
15:53:00.529 [Test worker] INFO org.springframework.boot.test.context.SpringBootTestContextBootstrapper - Found @SpringBootConfiguration com.configservermicroservice.ConfigServerMicroserviceApplication for test class com.configservermicroservice.ConfigServerMicroserviceApplicationTests
15:53:00.649 [Test worker] DEBUG org.springframework.boot.test.context.SpringBootTestContextBootstrapper - @TestExecutionListeners is not present for class [com.configservermicroservice.ConfigServerMicroserviceApplicationTests]: using defaults.
15:53:00.650 [Test worker] INFO org.springframework.boot.test.context.SpringBootTestContextBootstrapper - Loaded default TestExecutionListener class names from location [META-INF/spring.factories]: [org.springframework.boot.test.autoconfigure.restdocs.RestDocsTestExecutionListener, org.springframework.boot.test.autoconfigure.web.client.MockRestServiceServerResetTestExecutionListener, org.springframework.boot.test.autoconfigure.web.servlet.MockMvcPrintOnlyOnFailureTestExecutionListener, org.springframework.boot.test.autoconfigure.web.servlet.WebDriverTestExecutionListener, org.springframework.boot.test.autoconfigure.webservices.client.MockWebServiceServerTestExecutionListener, org.springframework.boot.test.mock.mockito.MockitoTestExecutionListener, org.springframework.boot.test.mock.mockito.ResetMocksTestExecutionListener, org.springframework.test.context.web.ServletTestExecutionListener, org.springframework.test.context.support.DirtiesContextBeforeModesTestExecutionListener, org.springframework.test.context.support.DependencyInjectionTestExecutionListener, org.springframework.test.context.support.DirtiesContextTestExecutionListener, org.springframework.test.context.transaction.TransactionalTestExecutionListener, org.springframework.test.context.jdbc.SqlScriptsTestExecutionListener, org.springframework.test.context.event.EventPublishingTestExecutionListener]
15:53:00.665 [Test worker] DEBUG org.springframework.boot.test.context.SpringBootTestContextBootstrapper - Skipping candidate TestExecutionListener [org.springframework.test.context.transaction.TransactionalTestExecutionListener] due to a missing dependency. Specify custom listener classes or make the default listener classes and their required dependencies available. Offending class: [org/springframework/transaction/interceptor/TransactionAttributeSource]
15:53:00.666 [Test worker] DEBUG org.springframework.boot.test.context.SpringBootTestContextBootstrapper - Skipping candidate TestExecutionListener [org.springframework.test.context.jdbc.SqlScriptsTestExecutionListener] due to a missing dependency. Specify custom listener classes or make the default listener classes and their required dependencies available. Offending class: [org/springframework/transaction/interceptor/TransactionAttribute]
15:53:00.667 [Test worker] INFO org.springframework.boot.test.context.SpringBootTestContextBootstrapper - Using TestExecutionListeners: [org.springframework.test.context.web.ServletTestExecutionListener@63120d18, org.springframework.test.context.support.DirtiesContextBeforeModesTestExecutionListener@79b95c37, org.springframework.boot.test.mock.mockito.MockitoTestExecutionListener@8be5d14, org.springframework.boot.test.autoconfigure.SpringBootDependencyInjectionTestExecutionListener@52737cfc, org.springframework.test.context.support.DirtiesContextTestExecutionListener@217ac167, org.springframework.test.context.event.EventPublishingTestExecutionListener@1291799b, org.springframework.boot.test.autoconfigure.restdocs.RestDocsTestExecutionListener@683dc020, org.springframework.boot.test.autoconfigure.web.client.MockRestServiceServerResetTestExecutionListener@2160c547, org.springframework.boot.test.autoconfigure.web.servlet.MockMvcPrintOnlyOnFailureTestExecutionListener@56e659f5, org.springframework.boot.test.autoconfigure.web.servlet.WebDriverTestExecutionListener@4fa2af13, org.springframework.boot.test.autoconfigure.webservices.client.MockWebServiceServerTestExecutionListener@49185a07, org.springframework.boot.test.mock.mockito.ResetMocksTestExecutionListener@6ef5f49e]
15:53:00.671 [Test worker] DEBUG org.springframework.test.context.support.AbstractDirtiesContextTestExecutionListener - Before test class: context [DefaultTestContext@6db31d91 testClass = ConfigServerMicroserviceApplicationTests, testInstance = [null], testMethod = [null], testException = [null], mergedContextConfiguration = [WebMergedContextConfiguration@20f23750 testClass = ConfigServerMicroserviceApplicationTests, locations = '{}', classes = '{class com.configservermicroservice.ConfigServerMicroserviceApplication}', contextInitializerClasses = '[]', activeProfiles = '{}', propertySourceLocations = '{}', propertySourceProperties = '{org.springframework.boot.test.context.SpringBootTestContextBootstrapper=true}', contextCustomizers = set[org.springframework.boot.test.autoconfigure.actuate.metrics.MetricsExportContextCustomizerFactory$DisableMetricExportContextCustomizer@6382577d, org.springframework.boot.test.autoconfigure.properties.PropertyMappingContextCustomizer@0, org.springframework.boot.test.autoconfigure.web.servlet.WebDriverContextCustomizerFactory$Customizer@1c9deba6, org.springframework.boot.test.context.filter.ExcludeFilterContextCustomizer@5e9ead63, org.springframework.boot.test.json.DuplicateJsonObjectContextCustomizerFactory$DuplicateJsonObjectContextCustomizer@7a955fe0, org.springframework.boot.test.mock.mockito.MockitoContextCustomizer@0, org.springframework.boot.test.web.client.TestRestTemplateContextCustomizer@5835e28a, org.springframework.boot.test.context.SpringBootTestArgs@1, org.springframework.boot.test.context.SpringBootTestWebEnvironment@6f17d531], resourceBasePath = 'src/main/webapp', contextLoader = 'org.springframework.boot.test.context.SpringBootContextLoader', parent = [null]], attributes = map['org.springframework.test.context.web.ServletTestExecutionListener.activateListener' -> true]], class annotated with @DirtiesContext [false] with mode [null].
15:53:00.708 [Test worker] DEBUG org.springframework.test.context.support.TestPropertySourceUtils - Adding inlined properties to environment: {spring.jmx.enabled=false, org.springframework.boot.test.context.SpringBootTestContextBootstrapper=true}

  .   ____          _            __ _ _
 /\\ / ___'_ __ _ _(_)_ __  __ _ \ \ \ \
( ( )\___ | '_ | '_| | '_ \/ _` | \ \ \ \
 \\/  ___)| |_)| | | | | || (_| |  ) ) ) )
  '  |____| .__|_| |_|_| |_\__, | / / / /
 =========|_|==============|___/=/_/_/_/
 :: Spring Boot ::                (v2.4.1)

2021-01-07 15:53:01.082  INFO 57853 --- [    Test worker] ConfigServerMicroserviceApplicationTests : Starting ConfigServerMicroserviceApplicationTests using Java 15.0.1 on Bornas-MBP-2 with PID 57853 (started by Borna in /Users/Borna/Documents/EclipseProjects/rasus_ms/config-server-microservice)
2021-01-07 15:53:01.084  INFO 57853 --- [    Test worker] ConfigServerMicroserviceApplicationTests : No active profile set, falling back to default profiles: default
2021-01-07 15:53:02.611  INFO 57853 --- [    Test worker] o.s.cloud.context.scope.GenericScope     : BeanFactory id=cc9ced03-54fe-3f2a-b028-14f1ddd8928d
2021-01-07 15:53:03.756  INFO 57853 --- [    Test worker] o.s.s.concurrent.ThreadPoolTaskExecutor  : Initializing ExecutorService 'applicationTaskExecutor'
2021-01-07 15:53:05.017  INFO 57853 --- [    Test worker] o.s.b.a.e.web.EndpointLinksResolver      : Exposing 15 endpoint(s) beneath base path '/actuator'
2021-01-07 15:53:05.081  INFO 57853 --- [    Test worker] ConfigServerMicroserviceApplicationTests : Started ConfigServerMicroserviceApplicationTests in 4.364 seconds (JVM running for 5.81)
]]></system-out>
  <system-err><![CDATA[]]></system-err>
</testsuite>
